{"name": "Check Radio Button", "status": "failed", "statusDetails": {"message": "AssertionError: 'No' have not been selected\nassert 'Impressive' == 'No'\n  - No\n  + Impressive", "trace": "self = <tests.tests_elements.test_radio_button.TestRadioButton object at 0x00000185E18E7D90>, driver = <selenium.webdriver.chrome.webdriver.WebDriver (session=\"073b2a0c20dc8c4d2a7de732156a2a93\")>\n\n    @allure.title(\"Check Radio Button\")\n    def test_radio_button(self, driver):\n        radio_button_page = RadioButtonPage(driver, self.page_link)\n        radio_button_page.open()\n    \n        radio_button_page.click_on_the_radio_button('yes')\n        output_yes = radio_button_page.get_output_result()\n        radio_button_page.click_on_the_radio_button('impressive')\n        output_impressive = radio_button_page.get_output_result()\n        radio_button_page.click_on_the_radio_button('no')\n        output_no = radio_button_page.get_output_result()\n    \n        assert output_yes == 'Yes', \"'Yes' have not been selected\"\n        assert output_impressive == 'Impressive', \"'Impressive' have not been selected\"\n>       assert output_no == 'No', \"'No' have not been selected\"\nE       AssertionError: 'No' have not been selected\nE       assert 'Impressive' == 'No'\nE         - No\nE         + Impressive\n\ntests\\tests_elements\\test_radio_button.py:25: AssertionError"}, "steps": [{"name": "Click on the radio button", "status": "passed", "parameters": [{"name": "choise", "value": "'yes'"}], "start": 1691765143802, "stop": 1691765143900}, {"name": "Get out result", "status": "passed", "start": 1691765143900, "stop": 1691765144071}, {"name": "Click on the radio button", "status": "passed", "parameters": [{"name": "choise", "value": "'impressive'"}], "start": 1691765144072, "stop": 1691765144130}, {"name": "Get out result", "status": "passed", "start": 1691765144131, "stop": 1691765144150}, {"name": "Click on the radio button", "status": "passed", "parameters": [{"name": "choise", "value": "'no'"}], "start": 1691765144150, "stop": 1691765144201}, {"name": "Get out result", "status": "passed", "start": 1691765144201, "stop": 1691765144326}], "start": 1691765142413, "stop": 1691765144326, "uuid": "af68ab95-aca4-4ef9-8ae7-15834d3eb68a", "historyId": "efc8887a84b3f85815eb2d4c89803ce2", "testCaseId": "efc8887a84b3f85815eb2d4c89803ce2", "fullName": "tests.tests_elements.test_radio_button.TestRadioButton#test_radio_button", "labels": [{"name": "feature", "value": "RadioButton"}, {"name": "parentSuite", "value": "tests.tests_elements"}, {"name": "suite", "value": "test_radio_button"}, {"name": "subSuite", "value": "TestRadioButton"}, {"name": "host", "value": "TX-N-0684"}, {"name": "thread", "value": "1308-MainThread"}, {"name": "framework", "value": "pytest"}, {"name": "language", "value": "cpython3"}, {"name": "package", "value": "tests.tests_elements.test_radio_button"}]}