{"name": "Check CheckBox", "status": "broken", "statusDetails": {"message": "selenium.common.exceptions.TimeoutException: Message:", "trace": "self = <tests.tests_elements.test_check_box.TestCheckBox object at 0x000001D4641E5650>, driver = <selenium.webdriver.chrome.webdriver.WebDriver (session=\"c76956c300906637d7070da9d986261d\")>\n\n    @allure.title(\"Check CheckBox\")\n    def test_check_box(self, driver):\n        check_box_page = CheckBoxPage(driver, self.page_link)\n        check_box_page.open()\n    \n        check_box_page.open_full_list()\n        check_box_page.click_random_checkboxes()\n>       input_checkboxes = check_box_page.get_checked_checkbox()\n\ntests\\tests_elements\\test_check_box.py:17: \n_ _ _ _ _ _ _ _ _ _ _ _ _ _ _ _ _ _ _ _ _ _ _ _ _ _ _ _ _ _ _ _ _ _ _ _ _ _ _ _ _ _ _ _ _ _ _ _ _ _ _ _ _ _ _ _ _ _ _ _ _ _ _ _ _ _ _ _ _ _ _ _ _ _ _ _ _ _ _ _ _ _ _ _ _ _ _ _ _ _ _ _ _ _ _ _ _ _ _ _ _ _ _ _ _ _ _ _ _ _ _ _ _ _ _ _ _ _ _ _ _ _ _ _\npages\\elements\\check_box_page.py:35: in get_checked_checkbox\n    checked_checkboxes_list = self.elements_are_present(self.CHECKED_CHECKBOXES)\npages\\base_page.py:26: in elements_are_present\n    return Wait(self.driver, timeout).until(EC.presence_of_all_elements_located(locator))\n_ _ _ _ _ _ _ _ _ _ _ _ _ _ _ _ _ _ _ _ _ _ _ _ _ _ _ _ _ _ _ _ _ _ _ _ _ _ _ _ _ _ _ _ _ _ _ _ _ _ _ _ _ _ _ _ _ _ _ _ _ _ _ _ _ _ _ _ _ _ _ _ _ _ _ _ _ _ _ _ _ _ _ _ _ _ _ _ _ _ _ _ _ _ _ _ _ _ _ _ _ _ _ _ _ _ _ _ _ _ _ _ _ _ _ _ _ _ _ _ _ _ _ _\n\nself = <selenium.webdriver.support.wait.WebDriverWait (session=\"c76956c300906637d7070da9d986261d\")>, method = <function presence_of_all_elements_located.<locals>._predicate at 0x000001D4647EE8E0>, message = ''\n\n    def until(self, method, message: str = \"\"):\n        \"\"\"Calls the method provided with the driver as an argument until the \\\n        return value does not evaluate to ``False``.\n    \n        :param method: callable(WebDriver)\n        :param message: optional message for :exc:`TimeoutException`\n        :returns: the result of the last call to `method`\n        :raises: :exc:`selenium.common.exceptions.TimeoutException` if timeout occurs\n        \"\"\"\n        screen = None\n        stacktrace = None\n    \n        end_time = time.monotonic() + self._timeout\n        while True:\n            try:\n                value = method(self._driver)\n                if value:\n                    return value\n            except self._ignored_exceptions as exc:\n                screen = getattr(exc, \"screen\", None)\n                stacktrace = getattr(exc, \"stacktrace\", None)\n            time.sleep(self._poll)\n            if time.monotonic() > end_time:\n                break\n>       raise TimeoutException(message, screen, stacktrace)\nE       selenium.common.exceptions.TimeoutException: Message:\n\nvenv\\Lib\\site-packages\\selenium\\webdriver\\support\\wait.py:95: TimeoutException"}, "steps": [{"name": "Open full list of checkboxes", "status": "passed", "start": 1691763477173, "stop": 1691763477310}, {"name": "Click on random checkbox", "status": "passed", "start": 1691763477310, "stop": 1691763477707}, {"name": "Get checked checkbox", "status": "broken", "statusDetails": {"message": "selenium.common.exceptions.TimeoutException: Message: \n\n", "trace": "  File \"C:\\code\\test\\pythonCode\\pythonProject\\ui_pytest_framework\\venv\\Lib\\site-packages\\allure_commons\\_allure.py\", line 192, in impl\n    return func(*a, **kw)\n           ^^^^^^^^^^^^^^\n  File \"C:\\code\\test\\pythonCode\\pythonProject\\ui_pytest_framework\\pages\\elements\\check_box_page.py\", line 35, in get_checked_checkbox\n    checked_checkboxes_list = self.elements_are_present(self.CHECKED_CHECKBOXES)\n                              ^^^^^^^^^^^^^^^^^^^^^^^^^^^^^^^^^^^^^^^^^^^^^^^^^^\n  File \"C:\\code\\test\\pythonCode\\pythonProject\\ui_pytest_framework\\pages\\base_page.py\", line 26, in elements_are_present\n    return Wait(self.driver, timeout).until(EC.presence_of_all_elements_located(locator))\n           ^^^^^^^^^^^^^^^^^^^^^^^^^^^^^^^^^^^^^^^^^^^^^^^^^^^^^^^^^^^^^^^^^^^^^^^^^^^^^^\n  File \"C:\\code\\test\\pythonCode\\pythonProject\\ui_pytest_framework\\venv\\Lib\\site-packages\\selenium\\webdriver\\support\\wait.py\", line 95, in until\n    raise TimeoutException(message, screen, stacktrace)\n"}, "start": 1691763477708, "stop": 1691763482830}], "start": 1691763475887, "stop": 1691763482840, "uuid": "3a0f6e03-ba0b-46ac-932d-7e5297a045c6", "historyId": "3e8ea8e5df370d83ac217131e7814afd", "testCaseId": "3e8ea8e5df370d83ac217131e7814afd", "fullName": "tests.tests_elements.test_check_box.TestCheckBox#test_check_box", "labels": [{"name": "feature", "value": "CheckBox"}, {"name": "parentSuite", "value": "tests.tests_elements"}, {"name": "suite", "value": "test_check_box"}, {"name": "subSuite", "value": "TestCheckBox"}, {"name": "host", "value": "TX-N-0684"}, {"name": "thread", "value": "21712-MainThread"}, {"name": "framework", "value": "pytest"}, {"name": "language", "value": "cpython3"}, {"name": "package", "value": "tests.tests_elements.test_check_box"}]}