{"name": "Check Radio Button", "status": "failed", "statusDetails": {"message": "AssertionError: 'No' have not been selected\nassert 'Impressive' == 'No'\n  - No\n  + Impressive", "trace": "self = <tests.tests_elements.test_radio_button.TestRadioButton object at 0x000001D46470FB50>, driver = <selenium.webdriver.chrome.webdriver.WebDriver (session=\"fd3f8b55a8908e7636d056c2c5e1bdfb\")>\n\n    @allure.title(\"Check Radio Button\")\n    def test_radio_button(self, driver):\n        radio_button_page = RadioButtonPage(driver, self.page_link)\n        radio_button_page.open()\n    \n        radio_button_page.click_on_the_radio_button('yes')\n        output_yes = radio_button_page.get_output_result()\n        radio_button_page.click_on_the_radio_button('impressive')\n        output_impressive = radio_button_page.get_output_result()\n        radio_button_page.click_on_the_radio_button('no')\n        output_no = radio_button_page.get_output_result()\n    \n        assert output_yes == 'Yes', \"'Yes' have not been selected\"\n        assert output_impressive == 'Impressive', \"'Impressive' have not been selected\"\n>       assert output_no == 'No', \"'No' have not been selected\"\nE       AssertionError: 'No' have not been selected\nE       assert 'Impressive' == 'No'\nE         - No\nE         + Impressive\n\ntests\\tests_elements\\test_radio_button.py:25: AssertionError"}, "steps": [{"name": "Click on the radio button", "status": "passed", "parameters": [{"name": "choise", "value": "'yes'"}], "start": 1691763549637, "stop": 1691763549734}, {"name": "Get out result", "status": "passed", "start": 1691763549734, "stop": 1691763549775}, {"name": "Click on the radio button", "status": "passed", "parameters": [{"name": "choise", "value": "'impressive'"}], "start": 1691763549776, "stop": 1691763549951}, {"name": "Get out result", "status": "passed", "start": 1691763549951, "stop": 1691763549968}, {"name": "Click on the radio button", "status": "passed", "parameters": [{"name": "choise", "value": "'no'"}], "start": 1691763549968, "stop": 1691763550011}, {"name": "Get out result", "status": "passed", "start": 1691763550012, "stop": 1691763550025}], "start": 1691763548444, "stop": 1691763550025, "uuid": "6bf4a2be-b5ac-4999-bbe8-f842bad6d784", "historyId": "efc8887a84b3f85815eb2d4c89803ce2", "testCaseId": "efc8887a84b3f85815eb2d4c89803ce2", "fullName": "tests.tests_elements.test_radio_button.TestRadioButton#test_radio_button", "labels": [{"name": "feature", "value": "RadioButton"}, {"name": "parentSuite", "value": "tests.tests_elements"}, {"name": "suite", "value": "test_radio_button"}, {"name": "subSuite", "value": "TestRadioButton"}, {"name": "host", "value": "TX-N-0684"}, {"name": "thread", "value": "21712-MainThread"}, {"name": "framework", "value": "pytest"}, {"name": "language", "value": "cpython3"}, {"name": "package", "value": "tests.tests_elements.test_radio_button"}]}